Final VR Split Keyboard/Temp/gradleOut/unityLibrary/build/outputs/logs/manifest-merger-release-report.txt
-- Merging decision tree log ---
manifest
ADDED from src/main/AndroidManifest.xml:2:1-31:12
INJECTED from src/main/AndroidManifest.xml:2:1-31:12
INJECTED from src/main/AndroidManifest.xml:2:1-31:12
INJECTED from src/main/AndroidManifest.xml:2:1-31:12
INJECTED from src/main/AndroidManifest.xml:2:1-31:12
INJECTED from src/main/AndroidManifest.xml:2:1-31:12
INJECTED from src/main/AndroidManifest.xml:2:1-31:12
	package
		ADDED from src/main/AndroidManifest.xml:2:101-129
		INJECTED from src/main/AndroidManifest.xml
		INJECTED from src/main/AndroidManifest.xml
	android:versionName
		INJECTED from src/main/AndroidManifest.xml
		ADDED from src/main/AndroidManifest.xml:2:1-31:12
		INJECTED from src/main/AndroidManifest.xml
	android:versionCode
		INJECTED from src/main/AndroidManifest.xml
		ADDED from src/main/AndroidManifest.xml:2:1-31:12
		INJECTED from src/main/AndroidManifest.xml
	xmlns:android
		ADDED from src/main/AndroidManifest.xml:2:11-69
	android:installLocation
		ADDED from src/main/AndroidManifest.xml:2:70-100
application
ADDED from src/main/AndroidManifest.xml:3:3-17:17
	android:label
		ADDED from src/main/AndroidManifest.xml:3:16-48
	android:icon
		ADDED from src/main/AndroidManifest.xml:3:49-80
	android:allowBackup
		ADDED from src/main/AndroidManifest.xml:3:81-108
	android:networkSecurityConfig
		ADDED from src/main/AndroidManifest.xml:3:109-164
activity#com.unity3d.player.UnityPlayerActivity
ADDED from src/main/AndroidManifest.xml:4:5-10:16
	android:screenOrientation
		ADDED from src/main/AndroidManifest.xml:4:168-205
	android:excludeFromRecents
		ADDED from src/main/AndroidManifest.xml:4:134-167
	android:launchMode
		ADDED from src/main/AndroidManifest.xml:4:206-237
	android:hardwareAccelerated
		ADDED from src/main/AndroidManifest.xml:4:340-375
	android:configChanges
		ADDED from src/main/AndroidManifest.xml:4:238-339
	android:theme
		ADDED from src/main/AndroidManifest.xml:4:15-79
	android:name
		ADDED from src/main/AndroidManifest.xml:4:80-133
intent-filter#action:name:android.intent.action.MAIN+category:name:android.intent.category.INFO
ADDED from src/main/AndroidManifest.xml:5:7-8:23
action#android.intent.action.MAIN
ADDED from src/main/AndroidManifest.xml:6:9-61
	android:name
		ADDED from src/main/AndroidManifest.xml:6:17-58
category#android.intent.category.INFO
ADDED from src/main/AndroidManifest.xml:7:9-65
	android:name
		ADDED from src/main/AndroidManifest.xml:7:19-62
meta-data#com.oculus.vr.focusaware
ADDED from src/main/AndroidManifest.xml:9:7-82
	android:value
		ADDED from src/main/AndroidManifest.xml:9:58-79
	android:name
		ADDED from src/main/AndroidManifest.xml:9:18-57
meta-data#unityplayer.SkipPermissionsDialog
ADDED from src/main/AndroidManifest.xml:11:5-89
	android:value
		ADDED from src/main/AndroidManifest.xml:11:65-86
	android:name
		ADDED from src/main/AndroidManifest.xml:11:16-64
meta-data#com.samsung.android.vr.application.mode
ADDED from src/main/AndroidManifest.xml:12:5-97
	android:value
		ADDED from src/main/AndroidManifest.xml:12:71-94
	android:name
		ADDED from src/main/AndroidManifest.xml:12:16-70
meta-data#unity.splash-mode
ADDED from src/main/AndroidManifest.xml:13:5-69
	android:value
		ADDED from src/main/AndroidManifest.xml:13:49-66
	android:name
		ADDED from src/main/AndroidManifest.xml:13:16-48
meta-data#unity.splash-enable
ADDED from src/main/AndroidManifest.xml:14:5-75
	android:value
		ADDED from src/main/AndroidManifest.xml:14:51-72
	android:name
		ADDED from src/main/AndroidManifest.xml:14:16-50
meta-data#notch.config
ADDED from src/main/AndroidManifest.xml:15:5-81
	android:value
		ADDED from src/main/AndroidManifest.xml:15:44-78
	android:name
		ADDED from src/main/AndroidManifest.xml:15:16-43
meta-data#unity.build-id
ADDED from src/main/AndroidManifest.xml:16:5-101
	android:value
		ADDED from src/main/AndroidManifest.xml:16:46-98
	android:name
		ADDED from src/main/AndroidManifest.xml:16:16-45
uses-feature#android.hardware.vr.headtracking
ADDED from src/main/AndroidManifest.xml:18:3-111
	android:version
		ADDED from src/main/AndroidManifest.xml:18:65-84
	android:required
		ADDED from src/main/AndroidManifest.xml:18:85-108
	android:name
		ADDED from src/main/AndroidManifest.xml:18:17-64
uses-feature#oculus.software.handtracking
ADDED from src/main/AndroidManifest.xml:19:3-88
	android:required
		ADDED from src/main/AndroidManifest.xml:19:61-85
	android:name
		ADDED from src/main/AndroidManifest.xml:19:17-60
uses-permission#oculus.permission.handtracking
ADDED from src/main/AndroidManifest.xml:20:3-68
	android:name
		ADDED from src/main/AndroidManifest.xml:20:20-65
uses-permission#android.permission.WRITE_EXTERNAL_STORAGE
ADDED from src/main/AndroidManifest.xml:21:3-79
	android:name
		ADDED from src/main/AndroidManifest.xml:21:20-76
uses-feature#0x00030000
ADDED from src/main/AndroidManifest.xml:22:3-52
	android:glEsVersion
		ADDED from src/main/AndroidManifest.xml:22:17-49
uses-permission#android.permission.INTERNET
ADDED from src/main/AndroidManifest.xml:23:3-65
	android:name
		ADDED from src/main/AndroidManifest.xml:23:20-62
uses-permission#android.permission.RECORD_AUDIO
ADDED from src/main/AndroidManifest.xml:24:3-69
	android:name
		ADDED from src/main/AndroidManifest.xml:24:20-66
uses-permission#android.permission.MODIFY_AUDIO_SETTINGS
ADDED from src/main/AndroidManifest.xml:25:3-78
	android:name
		ADDED from src/main/AndroidManifest.xml:25:20-75
uses-permission#android.permission.BLUETOOTH
ADDED from src/main/AndroidManifest.xml:26:3-66
	android:name
		ADDED from src/main/AndroidManifest.xml:26:20-63
uses-feature#android.hardware.microphone
ADDED from src/main/AndroidManifest.xml:27:3-87
	android:required
		ADDED from src/main/AndroidManifest.xml:27:60-84
	android:name
		ADDED from src/main/AndroidManifest.xml:27:17-59
uses-feature#android.hardware.touchscreen
ADDED from src/main/AndroidManifest.xml:28:3-88
	android:required
		ADDED from src/main/AndroidManifest.xml:28:61-85
	android:name
		ADDED from src/main/AndroidManifest.xml:28:17-60
uses-feature#android.hardware.touchscreen.multitouch
ADDED from src/main/AndroidManifest.xml:29:3-99
	android:required
		ADDED from src/main/AndroidManifest.xml:29:72-96
	android:name
		ADDED from src/main/AndroidManifest.xml:29:17-71
uses-feature#android.hardware.touchscreen.multitouch.distinct
ADDED from src/main/AndroidManifest.xml:30:3-108
	android:required
		ADDED from src/main/AndroidManifest.xml:30:81-105
	android:name
		ADDED from src/main/AndroidManifest.xml:30:17-80
uses-sdk
INJECTED from src/main/AndroidManifest.xml reason: use-sdk injection requested
INJECTED from src/main/AndroidManifest.xml
INJECTED from src/main/AndroidManifest.xml
INJECTED from src/main/AndroidManifest.xml
INJECTED from src/main/AndroidManifest.xml
	android:targetSdkVersion
		INJECTED from src/main/AndroidManifest.xml
		ADDED from src/main/AndroidManifest.xml
		INJECTED from src/main/AndroidManifest.xml
	android:minSdkVersion
		INJECTED from src/main/AndroidManifest.xml
		ADDED from src/main/AndroidManifest.xml
		INJECTED from src/main/AndroidManifest.xml